<?xml version="1.0" encoding="UTF-8"?>
<!-- Generated by org.testng.reporters.JUnitReportReporter -->
<testsuite skipped="0" hostname="NEW10855-G7" name="api.test.PetTest" tests="1" failures="0" timestamp="21 Apr 2024 12:59:26 GMT" time="3.066" errors="0">
  <testcase name="testGetEndpoint" time="3.066" classname="api.test.PetTest"/>
</testsuite> <!-- api.test.PetTest -->
